<?xml version="1.0" encoding="UTF-8"?>
<!-- Generated by org.testng.reporters.JUnitXMLReporter -->
<testsuite hostname="wvh154" ignored="0" name="Free CRM Test Cases" tests="9" failures="1" timestamp="18 Mar 2020 15:07:14 GMT" time="582.069" errors="0">
  <testcase name="loginPageTitleTest" time="3.034" classname="com.crm.qa.testcases.LoginPageTest"/>
  <testcase name="verifyContactsLableTest" time="0.095" classname="com.crm.qa.testcases.ContactsPageTest"/>
  <testcase name="HomePageTitleTest" time="0.017" classname="com.crm.qa.testcases.HomePageTest"/>
  <testcase name="validateUserLoginTest" time="13.594" classname="com.crm.qa.testcases.LoginPageTest"/>
  <testcase name="selectContactByName" time="1.355" classname="com.crm.qa.testcases.ContactsPageTest">
    <failure type="java.lang.NullPointerException">
      <![CDATA[java.lang.NullPointerException
	at com.crm.qa.pages.ContactsPage.selectContactsByName(ContactsPage.java:32)
	at com.crm.qa.testcases.ContactsPageTest.selectContactByName(ContactsPageTest.java:45)
... Removed 25 stack frames]]>
    </failure>
  </testcase> <!-- selectContactByName -->
  <testcase name="userLableTest" time="2.104" classname="com.crm.qa.testcases.HomePageTest"/>
  <testcase name="selectMultipleContactByName" time="1.922" classname="com.crm.qa.testcases.ContactsPageTest"/>
  <testcase name="contactsLinkTest" time="2.708" classname="com.crm.qa.testcases.HomePageTest"/>
  <testcase name="clickOnShowBtnTest" time="0.405" classname="com.crm.qa.testcases.ContactsPageTest"/>
</testsuite> <!-- Free CRM Test Cases -->
